TN:
SF:common/static/common/js/components/BlockBrowser/components/BlockBrowser/BlockBrowser.jsx
FN:38,(anonymous_0)
FN:42,(anonymous_1)
FN:49,(anonymous_2)
FN:55,(anonymous_3)
FN:77,(anonymous_4)
FN:85,(anonymous_5)
FN:92,(anonymous_6)
FNF:7
FNH:3
FNDA:3,(anonymous_0)
FNDA:18,(anonymous_1)
FNDA:0,(anonymous_2)
FNDA:0,(anonymous_3)
FNDA:4,(anonymous_4)
FNDA:0,(anonymous_5)
FNDA:0,(anonymous_6)
DA:8,2
DA:15,2
DA:21,2
DA:28,2
DA:38,2
DA:41,3
DA:43,18
DA:49,0
DA:55,0
DA:64,2
DA:71,2
DA:77,2
DA:80,4
DA:85,0
DA:93,0
DA:94,0
DA:111,2
DA:118,2
LF:18
LH:13
BRDA:52,0,0,18
BRDA:52,0,1,18
BRDA:80,1,0,4
BRDA:80,1,1,2
BRDA:85,2,0,0
BRDA:85,2,1,0
BRF:6
BRH:4
end_of_record
TN:
SF:common/static/common/js/components/BlockBrowser/components/BlockBrowser/BlockBrowserContainer.jsx
FN:6,(anonymous_0)
FN:11,(anonymous_1)
FN:12,(anonymous_2)
FNF:3
FNH:2
FNDA:2,(anonymous_0)
FNDA:2,(anonymous_1)
FNDA:0,(anonymous_2)
DA:6,2
DA:11,2
DA:12,0
DA:15,1
LF:4
LH:3
BRF:0
BRH:0
end_of_record
TN:
SF:common/static/common/js/components/BlockBrowser/data/actions/constants.js
FNF:0
FNH:0
LF:0
LH:0
BRF:0
BRH:0
end_of_record
TN:
SF:common/static/common/js/components/BlockBrowser/data/actions/courseBlocks.js
FN:4,(anonymous_0)
FN:10,(anonymous_1)
FN:15,(anonymous_2)
FN:20,(anonymous_3)
FN:20,(anonymous_4)
FN:21,(anonymous_5)
FN:28,(anonymous_6)
FN:29,(anonymous_7)
FNF:8
FNH:0
FNDA:0,(anonymous_0)
FNDA:0,(anonymous_1)
FNDA:0,(anonymous_2)
FNDA:0,(anonymous_3)
FNDA:0,(anonymous_4)
FNDA:0,(anonymous_5)
FNDA:0,(anonymous_6)
FNDA:0,(anonymous_7)
DA:4,1
DA:10,1
DA:15,1
DA:20,1
DA:22,0
DA:23,0
DA:25,0
DA:28,0
DA:29,0
LF:9
LH:4
BRDA:22,0,0,0
BRDA:22,0,1,0
BRF:2
BRH:0
end_of_record
TN:
SF:common/static/common/js/components/BlockBrowser/data/api/client.js
FN:12,buildQueryString
FN:14,(anonymous_1)
FN:16,(anonymous_2)
FN:23,(anonymous_3)
FNF:4
FNH:0
FNDA:0,buildQueryString
FNDA:0,(anonymous_1)
FNDA:0,(anonymous_2)
FNDA:0,(anonymous_3)
DA:4,1
DA:6,1
DA:13,0
DA:15,0
DA:16,0
DA:18,0
DA:23,1
LF:7
LH:3
BRDA:15,0,0,0
BRDA:15,0,1,0
BRF:2
BRH:0
end_of_record
TN:
SF:common/static/common/js/components/BlockBrowser/data/reducers/index.js
FN:4,(anonymous_0)
FN:6,(anonymous_1)
FN:10,(anonymous_2)
FN:13,(anonymous_3)
FN:23,(anonymous_4)
FN:33,(anonymous_5)
FN:43,(anonymous_6)
FNF:7
FNH:3
FNDA:0,(anonymous_0)
FNDA:0,(anonymous_1)
FNDA:0,(anonymous_2)
FNDA:0,(anonymous_3)
FNDA:5,(anonymous_4)
FNDA:5,(anonymous_5)
FNDA:5,(anonymous_6)
DA:4,1
DA:5,0
DA:6,0
DA:8,0
DA:9,0
DA:10,0
DA:11,0
DA:12,0
DA:13,0
DA:17,0
DA:19,0
DA:23,1
DA:24,5
DA:26,0
DA:28,5
DA:33,1
DA:34,5
DA:36,0
DA:38,5
DA:43,1
DA:44,5
DA:46,0
DA:48,0
DA:50,5
LF:24
LH:10
BRDA:5,0,0,0
BRDA:5,0,1,0
BRDA:5,1,0,0
BRDA:5,1,1,0
BRDA:9,2,0,0
BRDA:9,2,1,0
BRDA:11,3,0,0
BRDA:11,3,1,0
BRDA:23,4,0,5
BRDA:24,5,0,0
BRDA:24,5,1,5
BRDA:33,6,0,5
BRDA:34,7,0,0
BRDA:34,7,1,5
BRDA:43,8,0,5
BRDA:44,9,0,0
BRDA:44,9,1,0
BRDA:44,9,2,5
BRF:18
BRH:6
end_of_record
TN:
SF:common/static/common/js/components/BlockBrowser/data/selectors/index.js
FN:1,(anonymous_0)
FN:13,(anonymous_1)
FNF:2
FNH:2
FNDA:2,(anonymous_0)
FNDA:2,(anonymous_1)
DA:1,1
DA:2,2
DA:3,0
DA:4,0
DA:5,0
DA:7,0
DA:8,0
DA:10,0
DA:13,1
DA:14,2
DA:15,2
LF:11
LH:5
BRDA:2,0,0,2
BRDA:2,0,1,0
BRDA:5,1,0,0
BRDA:5,1,1,0
BRDA:8,2,0,0
BRDA:8,2,1,0
BRDA:14,3,0,0
BRDA:14,3,1,2
BRF:8
BRH:2
end_of_record
TN:
SF:lms/djangoapps/instructor/static/instructor/ProblemBrowser/components/Main/Main.jsx
FN:9,(anonymous_0)
FN:18,(anonymous_1)
FN:24,(anonymous_2)
FN:28,(anonymous_3)
FN:37,(anonymous_4)
FN:73,(anonymous_5)
FNF:6
FNH:3
FNDA:4,(anonymous_0)
FNDA:3,(anonymous_1)
FNDA:0,(anonymous_2)
FNDA:0,(anonymous_3)
FNDA:7,(anonymous_4)
FNDA:0,(anonymous_5)
DA:10,4
DA:11,4
DA:12,4
DA:13,4
DA:19,3
DA:21,3
DA:25,0
DA:29,0
DA:38,7
DA:39,7
DA:41,7
DA:42,0
DA:58,7
DA:74,0
DA:75,0
DA:93,1
DA:107,1
LF:17
LH:12
BRDA:41,0,0,0
BRDA:41,0,1,7
BRDA:48,1,0,0
BRDA:48,1,1,0
BRDA:70,2,0,7
BRDA:70,2,1,2
BRF:6
BRH:3
end_of_record
TN:
SF:lms/djangoapps/instructor/static/instructor/ProblemBrowser/components/ReportStatus/ReportStatus.jsx
FN:8,(anonymous_0)
FNF:1
FNH:1
FNDA:7,(anonymous_0)
DA:8,2
DA:12,7
DA:19,7
DA:32,7
DA:38,7
DA:47,2
DA:54,2
LF:7
LH:7
BRDA:21,0,0,7
BRDA:21,0,1,1
BRDA:33,1,0,7
BRDA:33,1,1,1
BRDA:40,2,0,7
BRDA:40,2,1,1
BRDA:41,3,0,7
BRDA:41,3,1,1
BRDA:42,4,0,7
BRDA:42,4,1,1
BRF:10
BRH:10
end_of_record
TN:
SF:lms/djangoapps/instructor/static/instructor/ProblemBrowser/components/ReportStatus/ReportStatusContainer.jsx
FN:4,(anonymous_0)
FNF:1
FNH:1
FNDA:4,(anonymous_0)
DA:4,4
DA:13,1
LF:2
LH:2
BRF:0
BRH:0
end_of_record
TN:
SF:lms/djangoapps/instructor/static/instructor/ProblemBrowser/data/store.js
FN:6,(anonymous_0)
FNF:1
FNH:1
FNDA:1,(anonymous_0)
DA:6,1
DA:12,1
LF:2
LH:2
BRF:0
BRH:0
end_of_record
TN:
SF:lms/djangoapps/instructor/static/instructor/ProblemBrowser/data/actions/constants.js
FNF:0
FNH:0
DA:1,1
DA:2,1
DA:3,1
DA:4,1
DA:5,1
DA:6,1
DA:7,1
LF:7
LH:7
BRF:0
BRH:0
end_of_record
TN:
SF:lms/djangoapps/instructor/static/instructor/ProblemBrowser/data/reducers/index.js
FN:21,(anonymous_0)
FNF:1
FNH:1
FNDA:3,(anonymous_0)
DA:11,1
DA:21,1
DA:22,3
DA:24,0
DA:26,0
DA:35,0
DA:37,0
DA:39,0
DA:41,3
LF:9
LH:4
BRDA:21,0,0,3
BRDA:22,1,0,0
BRDA:22,1,1,0
BRDA:22,1,2,0
BRDA:22,1,3,0
BRDA:22,1,4,0
BRDA:22,1,5,3
BRDA:30,2,0,0
BRDA:30,2,1,0
BRF:9
BRH:2
end_of_record
